INFO:__main__:Started
INFO:__main__:Finished
INFO:__main__:Configuração de interface concluída.
INFO:__main__:Started
INFO:__main__:Finished
INFO:__main__:Configuração de interface concluída.
INFO:__main__:Started
INFO:__main__:Finished
INFO:__main__:Started
INFO:__main__:Finished
INFO:__main__:Started
INFO:__main__:Finished
INFO:__main__:Started
INFO:__main__:Finished
INFO:__main__:Finished
INFO:__main__:Configuração de interface concluída.
INFO:__main__:Application is running
ERROR:__main__:An error occurred
INFO:__main__:Processing data
INFO:__main__:Application is running
INFO:__main__:Processing data
2026-01-20 11:46:09,673 - INFO: Started
2026-01-20 11:46:09,673 - INFO: Finished
2026-01-20 11:46:28,330 - INFO: Started
2026-01-20 11:46:28,330 - INFO: Finished
2026-01-20 11:46:49,240 - INFO: Application is running
2026-01-20 11:46:49,240 - INFO: Processing data
2026-01-20 11:49:29,551 - INFO: Configuração de interface concluída.
2026-01-20 11:49:33,045 - INFO: Configuração de interface concluída.
2026-01-26 07:41:55,825 - INFO: Started
2026-01-26 07:41:55,827 - INFO: Finished
2026-01-26 07:42:40,906 - INFO: Configuração de interface concluída.
2026-01-27 09:26:54,566 - INFO: Started
2026-01-27 09:26:54,566 - INFO: Finished
2026-01-27 09:26:57,183 - INFO: Application is running
2026-01-27 09:26:57,183 - INFO: Processing data
2026-01-27 09:27:40,487 - INFO: Configuração de interface concluída.
2026-01-27 09:28:09,221 - INFO: Iniciando aplicação Tkinter...
2026-01-27 09:30:46,079 - INFO: Iniciando aplicação Tkinter...
2026-01-27 09:32:40,919 - INFO: Iniciando aplicação Tkinter...
2026-01-27 09:33:59,378 - INFO: Iniciando aplicação Tkinter...
2026-01-27 09:34:04,212 - INFO: Iniciando aplicação Tkinter...
2026-01-27 09:36:02,323 - INFO: Configuração de interface concluída.
2026-01-27 09:38:57,831 - INFO: Started
2026-01-27 09:38:57,831 - INFO: Finished
2026-01-27 09:40:23,468 - INFO: Sistema inicializado e pronto.
2026-01-27 09:41:06,328 - INFO: Sistema inicializado e pronto.
2026-01-27 09:41:40,525 - INFO: Sistema inicializado e pronto.
2026-01-27 09:44:46,603 - INFO: Sistema inicializado e pronto.
2026-01-27 09:44:46,604 - INFO: Sistema inicializado e pronto.
2026-01-27 09:45:05,666 - INFO: Sistema inicializado e pronto.
2026-01-27 09:45:24,194 - INFO: Sistema inicializado e pronto.
2026-01-27 09:46:25,303 - INFO: Sistema inicializado e pronto.
2026-01-27 09:47:07,724 - INFO: Sistema inicializado e pronto.
2026-01-27 09:49:15,769 - INFO: Sistema inicializado e pronto.
2026-01-27 09:50:34,897 - INFO: Sistema inicializado e pronto.
2026-01-27 09:51:07,494 - INFO: Iniciando aplicação Tkinter...
2026-01-27 09:51:16,835 - INFO: Iniciando aplicação Tkinter...
2026-01-27 09:52:08,281 - INFO: Iniciando aplicação Tkinter...
2026-01-27 09:52:53,346 - INFO: Iniciando aplicação Tkinter...
2026-01-27 09:53:15,780 - INFO: Started
2026-01-27 09:53:15,781 - INFO: Finished
2026-01-27 09:53:52,332 - INFO: Started
2026-01-27 09:53:52,333 - INFO: Finished
2026-01-27 09:53:58,364 - INFO: Iniciando aplicação Tkinter...
2026-01-27 09:54:03,305 - INFO: Iniciando aplicação Tkinter...
2026-01-27 09:55:06,393 - INFO: Iniciando aplicação Tkinter...
2026-01-27 09:55:59,002 - INFO: Iniciando aplicação Tkinter...
2026-01-27 09:59:13,457 - INFO: Started
2026-01-27 09:59:13,457 - INFO: Iniciando aplicação Tkinter...
2026-01-27 09:59:34,093 - INFO: Finished
2026-01-27 10:02:28,553 - INFO: Started
2026-01-27 10:02:28,553 - INFO: Iniciando aplicação Tkinter...
2026-01-27 10:02:31,927 - INFO: Finished
2026-01-27 10:18:39,927 - INFO: Started
2026-01-27 10:18:41,995 - INFO: Finished
2026-01-27 10:18:44,219 - INFO: Started
2026-01-27 10:19:04,901 - INFO: Finished
2026-01-27 10:27:03,057 - INFO: Started
2026-01-27 10:27:13,492 - INFO: Finished
